components/admin/events/EventRegistrationsManager.tsx(211,42): error TS2322: Type 'Dispatch<SetStateAction<string>>' is not assignable to type '(value: string | null, eventDetails: SelectRootChangeEventDetails) => void'.
  Types of parameters 'value' and 'value' are incompatible.
    Type 'string | null' is not assignable to type 'SetStateAction<string>'.
      Type 'null' is not assignable to type 'SetStateAction<string>'.
components/admin/events/EventRegistrationsManager.tsx(213,30): error TS2322: Type '{ placeholder: string; }' is not assignable to type 'IntrinsicAttributes & SelectValueProps'.
  Property 'placeholder' does not exist on type 'IntrinsicAttributes & SelectValueProps'.
components/admin/events/EventRegistrationsManager.tsx(224,40): error TS2322: Type 'Dispatch<SetStateAction<string>>' is not assignable to type '(value: string | null, eventDetails: SelectRootChangeEventDetails) => void'.
  Types of parameters 'value' and 'value' are incompatible.
    Type 'string | null' is not assignable to type 'SetStateAction<string>'.
      Type 'null' is not assignable to type 'SetStateAction<string>'.
components/admin/events/EventRegistrationsManager.tsx(226,30): error TS2322: Type '{ placeholder: string; }' is not assignable to type 'IntrinsicAttributes & SelectValueProps'.
  Property 'placeholder' does not exist on type 'IntrinsicAttributes & SelectValueProps'.
components/admin/mentorship/EventBookingsTab.tsx(111,17): error TS2345: Argument of type 'any' is not assignable to parameter of type 'never'.
components/events/EventFilters.tsx(39,30): error TS2322: Type '{ placeholder: string; }' is not assignable to type 'IntrinsicAttributes & SelectValueProps'.
  Property 'placeholder' does not exist on type 'IntrinsicAttributes & SelectValueProps'.
components/Header.tsx(96,21): error TS2345: Argument of type 'RefObject<HTMLElement | null>' is not assignable to parameter of type 'RefObject<HTMLElement>'.
  Type 'HTMLElement | null' is not assignable to type 'HTMLElement'.
    Type 'null' is not assignable to type 'HTMLElement'.
components/HomepageMentorship.tsx(165,45): error TS7006: Parameter 'feature' implicitly has an 'any' type.
components/HomepageSmartspoon.tsx(218,28): error TS7006: Parameter 'service' implicitly has an 'any' type.
components/HomepageSmartspoon.tsx(218,37): error TS7006: Parameter 'index' implicitly has an 'any' type.
components/mentorship/BookingDetailsPopup.tsx(126,31): error TS2345: Argument of type '(prev: TransactionDetails) => { booking_status: string; payment_status: string | null; id: string; event_name: string; name: string; phone: string; booking_date: string; amount: number; }' is not assignable to parameter of type 'SetStateAction<TransactionDetails>'.
  Type '(prev: TransactionDetails) => { booking_status: string; payment_status: string | null; id: string; event_name: string; name: string; phone: string; booking_date: string; amount: number; }' is not assignable to type '(prevState: TransactionDetails) => TransactionDetails'.
    Call signature return types '{ booking_status: string; payment_status: string | null; id: string; event_name: string; name: string; phone: string; booking_date: string; amount: number; }' and 'TransactionDetails' are incompatible.
      The types of 'payment_status' are incompatible between these types.
        Type 'string | null' is not assignable to type 'string'.
          Type 'null' is not assignable to type 'string'.
components/mentorship/BookingModal.tsx(98,9): error TS2322: Type 'string | null' is not assignable to type 'string'.
  Type 'null' is not assignable to type 'string'.
components/mentorship/EventsList.tsx(70,17): error TS2345: Argument of type '{ available_slots: number; approved_bookings_count: number; created_at: string; date: string; id: string; name: string; price: number; total_slots: number; updated_at: string; event_bookings: { ...; }[]; }[]' is not assignable to parameter of type 'SetStateAction<Event[]>'.
  Type '{ available_slots: number; approved_bookings_count: number; created_at: string; date: string; id: string; name: string; price: number; total_slots: number; updated_at: string; event_bookings: { ...; }[]; }[]' is not assignable to type 'Event[]'.
    Property 'description' is missing in type '{ available_slots: number; approved_bookings_count: number; created_at: string; date: string; id: string; name: string; price: number; total_slots: number; updated_at: string; event_bookings: { ...; }[]; }' but required in type 'Event'.
components/mentorship/MentorshipCards.tsx(70,21): error TS2345: Argument of type '{ created_at: string; description: string | null; duration_type: string; features: string[]; gradient: string; id: number; international_price: number | null; name: string; order_number: number; ... 5 more ...; url: string | null; }[]' is not assignable to parameter of type 'SetStateAction<Package[]>'.
  Type '{ created_at: string; description: string | null; duration_type: string; features: string[]; gradient: string; id: number; international_price: number | null; name: string; order_number: number; ... 5 more ...; url: string | null; }[]' is not assignable to type 'Package[]'.
    Type '{ created_at: string; description: string | null; duration_type: string; features: string[]; gradient: string; id: number; international_price: number | null; name: string; order_number: number; ... 5 more ...; url: string | null; }' is not assignable to type 'Package'.
      Types of property 'international_price' are incompatible.
        Type 'number | null' is not assignable to type 'number'.
          Type 'null' is not assignable to type 'number'.
components/mentorship/MentorshipCards.tsx(217,25): error TS2322: Type '{ children: Element; asChild: true; size: "lg"; className: string; }' is not assignable to type 'IntrinsicAttributes & (ButtonProps & VariantProps<(props?: (ConfigVariants<{ variant: { default: string; outline: string; secondary: string; ghost: string; destructive: string; link: string; }; size: { ...; }; }> & ClassProp) | undefined) => string>)'.
  Property 'asChild' does not exist on type 'IntrinsicAttributes & (ButtonProps & VariantProps<(props?: (ConfigVariants<{ variant: { default: string; outline: string; secondary: string; ghost: string; destructive: string; link: string; }; size: { ...; }; }> & ClassProp) | undefined) => string>)'.
components/ModernFeatures.tsx(164,7): error TS2322: Type '{ hidden: { opacity: number; y: number; scale: number; }; visible: { opacity: number; y: number; scale: number; transition: { duration: number; ease: string; }; }; }' is not assignable to type 'Variants'.
  Property 'visible' is incompatible with index signature.
    Type '{ opacity: number; y: number; scale: number; transition: { duration: number; ease: string; }; }' is not assignable to type 'Variant'.
      Type '{ opacity: number; y: number; scale: number; transition: { duration: number; ease: string; }; }' is not assignable to type 'TargetAndTransition'.
        Type '{ opacity: number; y: number; scale: number; transition: { duration: number; ease: string; }; }' is not assignable to type '{ transition?: Transition<any> | undefined; transitionEnd?: ResolvedValues | undefined; }'.
          Types of property 'transition' are incompatible.
            Type '{ duration: number; ease: string; }' is not assignable to type 'Transition<any> | undefined'.
              Type '{ duration: number; ease: string; }' is not assignable to type 'TransitionWithValueOverrides<any>'.
                Type '{ duration: number; ease: string; }' is not assignable to type 'ValueAnimationTransition<any>'.
                  Types of property 'ease' are incompatible.
                    Type 'string' is not assignable to type 'Easing | Easing[] | undefined'.
components/ModernHero.tsx(223,17): error TS2322: Type '{ enter: { opacity: number; x: number; }; visible: { opacity: number; x: number; transition: { duration: number; ease: string; staggerChildren: number; }; }; exit: { opacity: number; x: number; transition: { ...; }; }; }' is not assignable to type 'Variants'.
  Property 'visible' is incompatible with index signature.
    Type '{ opacity: number; x: number; transition: { duration: number; ease: string; staggerChildren: number; }; }' is not assignable to type 'Variant'.
      Type '{ opacity: number; x: number; transition: { duration: number; ease: string; staggerChildren: number; }; }' is not assignable to type 'TargetAndTransition'.
        Type '{ opacity: number; x: number; transition: { duration: number; ease: string; staggerChildren: number; }; }' is not assignable to type '{ transition?: Transition<any> | undefined; transitionEnd?: ResolvedValues | undefined; }'.
          Types of property 'transition' are incompatible.
            Type '{ duration: number; ease: string; staggerChildren: number; }' is not assignable to type 'Transition<any> | undefined'.
              Type '{ duration: number; ease: string; staggerChildren: number; }' is not assignable to type 'TransitionWithValueOverrides<any>'.
                Type '{ duration: number; ease: string; staggerChildren: number; }' is not assignable to type 'ValueAnimationTransition<any>'.
                  Types of property 'ease' are incompatible.
                    Type 'string' is not assignable to type 'Easing | Easing[] | undefined'.
components/ModernHero.tsx(230,19): error TS2322: Type '{ enter: { opacity: number; y: number; }; visible: { opacity: number; y: number; transition: { duration: number; ease: string; }; }; exit: { opacity: number; y: number; transition: { duration: number; }; }; }' is not assignable to type 'Variants'.
  Property 'visible' is incompatible with index signature.
    Type '{ opacity: number; y: number; transition: { duration: number; ease: string; }; }' is not assignable to type 'Variant'.
      Type '{ opacity: number; y: number; transition: { duration: number; ease: string; }; }' is not assignable to type 'TargetAndTransition'.
        Type '{ opacity: number; y: number; transition: { duration: number; ease: string; }; }' is not assignable to type '{ transition?: Transition<any> | undefined; transitionEnd?: ResolvedValues | undefined; }'.
          Types of property 'transition' are incompatible.
            Type '{ duration: number; ease: string; }' is not assignable to type 'Transition<any> | undefined'.
              Type '{ duration: number; ease: string; }' is not assignable to type 'TransitionWithValueOverrides<any>'.
                Type '{ duration: number; ease: string; }' is not assignable to type 'ValueAnimationTransition<any>'.
                  Types of property 'ease' are incompatible.
                    Type 'string' is not assignable to type 'Easing | Easing[] | undefined'.
components/ModernHero.tsx(236,19): error TS2322: Type '{ enter: { opacity: number; y: number; }; visible: { opacity: number; y: number; transition: { duration: number; ease: string; }; }; exit: { opacity: number; y: number; transition: { duration: number; }; }; }' is not assignable to type 'Variants'.
  Property 'visible' is incompatible with index signature.
    Type '{ opacity: number; y: number; transition: { duration: number; ease: string; }; }' is not assignable to type 'Variant'.
      Type '{ opacity: number; y: number; transition: { duration: number; ease: string; }; }' is not assignable to type 'TargetAndTransition'.
        Type '{ opacity: number; y: number; transition: { duration: number; ease: string; }; }' is not assignable to type '{ transition?: Transition<any> | undefined; transitionEnd?: ResolvedValues | undefined; }'.
          Types of property 'transition' are incompatible.
            Type '{ duration: number; ease: string; }' is not assignable to type 'Transition<any> | undefined'.
              Type '{ duration: number; ease: string; }' is not assignable to type 'TransitionWithValueOverrides<any>'.
                Type '{ duration: number; ease: string; }' is not assignable to type 'ValueAnimationTransition<any>'.
                  Types of property 'ease' are incompatible.
                    Type 'string' is not assignable to type 'Easing | Easing[] | undefined'.
components/ModernHero.tsx(243,19): error TS2322: Type '{ enter: { opacity: number; y: number; }; visible: { opacity: number; y: number; transition: { duration: number; ease: string; }; }; exit: { opacity: number; y: number; transition: { duration: number; }; }; }' is not assignable to type 'Variants'.
  Property 'visible' is incompatible with index signature.
    Type '{ opacity: number; y: number; transition: { duration: number; ease: string; }; }' is not assignable to type 'Variant'.
      Type '{ opacity: number; y: number; transition: { duration: number; ease: string; }; }' is not assignable to type 'TargetAndTransition'.
        Type '{ opacity: number; y: number; transition: { duration: number; ease: string; }; }' is not assignable to type '{ transition?: Transition<any> | undefined; transitionEnd?: ResolvedValues | undefined; }'.
          Types of property 'transition' are incompatible.
            Type '{ duration: number; ease: string; }' is not assignable to type 'Transition<any> | undefined'.
              Type '{ duration: number; ease: string; }' is not assignable to type 'TransitionWithValueOverrides<any>'.
                Type '{ duration: number; ease: string; }' is not assignable to type 'ValueAnimationTransition<any>'.
                  Types of property 'ease' are incompatible.
                    Type 'string' is not assignable to type 'Easing | Easing[] | undefined'.
components/ModernHero.tsx(281,23): error TS2322: Type 'string | null' is not assignable to type 'string | StaticImport'.
  Type 'null' is not assignable to type 'string | StaticImport'.
components/navigation/DropdownMenu.tsx(42,21): error TS2345: Argument of type 'RefObject<HTMLDivElement | null>' is not assignable to parameter of type 'RefObject<HTMLElement>'.
  Type 'HTMLDivElement | null' is not assignable to type 'HTMLElement'.
    Type 'null' is not assignable to type 'HTMLElement'.
components/navigation/MegaMenu.tsx(44,21): error TS2345: Argument of type 'RefObject<HTMLDivElement | null>' is not assignable to parameter of type 'RefObject<HTMLElement>'.
  Type 'HTMLDivElement | null' is not assignable to type 'HTMLElement'.
    Type 'null' is not assignable to type 'HTMLElement'.
components/smartspoon/Hero.tsx(86,21): error TS2345: Argument of type '{ background_image: string; created_at: string | null; cta_text: string | null; cta_url: string | null; id: number; order: number; subtitle: string | null; title: string; updated_at: string | null; }[]' is not assignable to parameter of type 'SetStateAction<SlideContent[]>'.
  Type '{ background_image: string; created_at: string | null; cta_text: string | null; cta_url: string | null; id: number; order: number; subtitle: string | null; title: string; updated_at: string | null; }[]' is not assignable to type 'SlideContent[]'.
    Property 'tagline' is missing in type '{ background_image: string; created_at: string | null; cta_text: string | null; cta_url: string | null; id: number; order: number; subtitle: string | null; title: string; updated_at: string | null; }' but required in type 'SlideContent'.
components/smartspoon/SmartSpoonPricing.tsx(56,21): error TS2345: Argument of type '{ created_at: string | null; cta_link: string | null; description: string | null; id: number; subtitle: string | null; title: string | null; updated_at: string | null; }' is not assignable to parameter of type 'SetStateAction<PackagesSettings>'.
  Type '{ created_at: string | null; cta_link: string | null; description: string | null; id: number; subtitle: string | null; title: string | null; updated_at: string | null; }' is not assignable to type 'PackagesSettings'.
    Types of property 'title' are incompatible.
      Type 'string | null' is not assignable to type 'string | undefined'.
        Type 'null' is not assignable to type 'string | undefined'.
components/smartspoon/SmartSpoonPricing.tsx(79,21): error TS2345: Argument of type '{ created_at: string; duration_type: string; features: Json; gradient: string; id: number; name: string; order_number: number; price: number; recommended: boolean | null; show_price: boolean | null; updated_at: string; }[]' is not assignable to parameter of type 'SetStateAction<Package[]>'.
  Type '{ created_at: string; duration_type: string; features: Json; gradient: string; id: number; name: string; order_number: number; price: number; recommended: boolean | null; show_price: boolean | null; updated_at: string; }[]' is not assignable to type 'Package[]'.
    Type '{ created_at: string; duration_type: string; features: Json; gradient: string; id: number; name: string; order_number: number; price: number; recommended: boolean | null; show_price: boolean | null; updated_at: string; }' is not assignable to type 'Package'.
      Types of property 'features' are incompatible.
        Type 'Json' is not assignable to type 'string[]'.
          Type 'null' is not assignable to type 'string[]'.
components/steps/Steps.tsx(188,21): error TS2345: Argument of type '{ background_image: string | null; created_at: string | null; description: string | null; id: number; subtitle: string | null; title: string | null; updated_at: string | null; }' is not assignable to parameter of type 'SetStateAction<StepsSettings>'.
  Type '{ background_image: string | null; created_at: string | null; description: string | null; id: number; subtitle: string | null; title: string | null; updated_at: string | null; }' is not assignable to type 'StepsSettings'.
    Types of property 'background_image' are incompatible.
