components/admin/events/EventRegistrationsManager.tsx(211,42): error TS2322: Type 'Dispatch<SetStateAction<string>>' is not assignable to type '(value: string | null, eventDetails: SelectRootChangeEventDetails) => void'.
  Types of parameters 'value' and 'value' are incompatible.
    Type 'string | null' is not assignable to type 'SetStateAction<string>'.
      Type 'null' is not assignable to type 'SetStateAction<string>'.
components/admin/events/EventRegistrationsManager.tsx(213,30): error TS2322: Type '{ placeholder: string; }' is not assignable to type 'IntrinsicAttributes & SelectValueProps'.
  Property 'placeholder' does not exist on type 'IntrinsicAttributes & SelectValueProps'.
components/admin/events/EventRegistrationsManager.tsx(224,40): error TS2322: Type 'Dispatch<SetStateAction<string>>' is not assignable to type '(value: string | null, eventDetails: SelectRootChangeEventDetails) => void'.
  Types of parameters 'value' and 'value' are incompatible.
    Type 'string | null' is not assignable to type 'SetStateAction<string>'.
      Type 'null' is not assignable to type 'SetStateAction<string>'.
components/admin/events/EventRegistrationsManager.tsx(226,30): error TS2322: Type '{ placeholder: string; }' is not assignable to type 'IntrinsicAttributes & SelectValueProps'.
  Property 'placeholder' does not exist on type 'IntrinsicAttributes & SelectValueProps'.
components/admin/mentorship/EventBookingsTab.tsx(111,17): error TS2345: Argument of type 'any' is not assignable to parameter of type 'never'.
components/events/EventFilters.tsx(39,30): error TS2322: Type '{ placeholder: string; }' is not assignable to type 'IntrinsicAttributes & SelectValueProps'.
  Property 'placeholder' does not exist on type 'IntrinsicAttributes & SelectValueProps'.
components/Footer.tsx(206,16): error TS18047: 'settings.quick_links' is possibly 'null'.
components/Footer.tsx(228,31): error TS2769: No overload matches this call.
  Overload 1 of 2, '(o: { [s: string]: string; } | ArrayLike<string>): [string, string][]', gave the following error.
    Argument of type '{ email: string; phone: string; address: string; } | null' is not assignable to parameter of type '{ [s: string]: string; } | ArrayLike<string>'.
      Type 'null' is not assignable to type '{ [s: string]: string; } | ArrayLike<string>'.
  Overload 2 of 2, '(o: {}): [string, any][]', gave the following error.
    Argument of type '{ email: string; phone: string; address: string; } | null' is not assignable to parameter of type '{}'.
      Type 'null' is not assignable to type '{}'.
components/Footer.tsx(247,14): error TS18047: 'settings.promo_images' is possibly 'null'.
components/Footer.tsx(251,20): error TS18047: 'settings.promo_images' is possibly 'null'.
components/Footer.tsx(275,14): error TS18047: 'settings.newsletter' is possibly 'null'.
components/Footer.tsx(279,20): error TS18047: 'settings.newsletter' is possibly 'null'.
components/Footer.tsx(306,14): error TS18047: 'settings.legal_links' is possibly 'null'.
components/Footer.tsx(307,27): error TS18047: 'settings.legal_links' is possibly 'null'.
components/Footer.tsx(311,14): error TS18047: 'settings.legal_links' is possibly 'null'.
components/Footer.tsx(312,27): error TS18047: 'settings.legal_links' is possibly 'null'.
components/Footer.tsx(316,14): error TS18047: 'settings.legal_links' is possibly 'null'.
components/Footer.tsx(317,27): error TS18047: 'settings.legal_links' is possibly 'null'.
components/Header.tsx(96,21): error TS2345: Argument of type 'RefObject<HTMLElement | null>' is not assignable to parameter of type 'RefObject<HTMLElement>'.
  Type 'HTMLElement | null' is not assignable to type 'HTMLElement'.
    Type 'null' is not assignable to type 'HTMLElement'.
components/Header.tsx(143,7): error TS2719: Type 'NavItem' is not assignable to type 'NavItem'. Two different types with this name exist, but they are unrelated.
  Types of property 'open_in_new_tab' are incompatible.
    Type 'boolean | null | undefined' is not assignable to type 'boolean | undefined'.
      Type 'null' is not assignable to type 'boolean | undefined'.
components/Header.tsx(144,7): error TS2719: Type 'NavSection[]' is not assignable to type 'NavSection[]'. Two different types with this name exist, but they are unrelated.
  Type 'NavSection' is not assignable to type 'NavSection'. Two different types with this name exist, but they are unrelated.
    Types of property 'nav_item_id' are incompatible.
      Type 'string | null' is not assignable to type 'string'.
        Type 'null' is not assignable to type 'string'.
components/Header.tsx(156,7): error TS2719: Type 'NavItem' is not assignable to type 'NavItem'. Two different types with this name exist, but they are unrelated.
  Types of property 'open_in_new_tab' are incompatible.
    Type 'boolean | null | undefined' is not assignable to type 'boolean | undefined'.
      Type 'null' is not assignable to type 'boolean | undefined'.
components/Header.tsx(157,7): error TS2719: Type 'NavSection[]' is not assignable to type 'NavSection[]'. Two different types with this name exist, but they are unrelated.
  Type 'NavSection' is not assignable to type 'NavSection'. Two different types with this name exist, but they are unrelated.
    Types of property 'nav_item_id' are incompatible.
      Type 'string | null' is not assignable to type 'string'.
        Type 'null' is not assignable to type 'string'.
components/Header.tsx(240,14): error TS2552: Cannot find name 'motion'. Did you mean 'Option'?
components/Header.tsx(274,30): error TS2552: Cannot find name 'motion'. Did you mean 'Option'?
components/Header.tsx(292,49): error TS18047: 'a.order_index' is possibly 'null'.
components/Header.tsx(292,65): error TS18047: 'b.order_index' is possibly 'null'.
components/Header.tsx(303,31): error TS2552: Cannot find name 'motion'. Did you mean 'Option'?
components/Header.tsx(325,15): error TS2552: Cannot find name 'motion'. Did you mean 'Option'?
components/HeroSlider.tsx(89,46): error TS2345: Argument of type 'string | null' is not assignable to parameter of type 'string'.
  Type 'null' is not assignable to type 'string'.
components/HeroSlider.tsx(92,55): error TS2345: Argument of type 'string | null' is not assignable to parameter of type 'string'.
  Type 'null' is not assignable to type 'string'.
components/HeroSlider.tsx(97,53): error TS2345: Argument of type 'string | null' is not assignable to parameter of type 'string'.
  Type 'null' is not assignable to type 'string'.
components/HeroSlider.tsx(165,35): error TS2345: Argument of type '(prev: Set<string>) => Set<string | null>' is not assignable to parameter of type 'SetStateAction<Set<string>>'.
  Type '(prev: Set<string>) => Set<string | null>' is not assignable to type '(prevState: Set<string>) => Set<string>'.
    Type 'Set<string | null>' is not assignable to type 'Set<string>'.
      Type 'string | null' is not assignable to type 'string'.
        Type 'null' is not assignable to type 'string'.
components/HeroSlider.tsx(180,19): error TS2322: Type '{ enter: { opacity: number; x: number; }; visible: { opacity: number; x: number; transition: { duration: number; staggerChildren: number; ease: string; }; }; exit: { opacity: number; x: number; transition: { ...; }; }; }' is not assignable to type 'Variants'.
  Property 'visible' is incompatible with index signature.
    Type '{ opacity: number; x: number; transition: { duration: number; staggerChildren: number; ease: string; }; }' is not assignable to type 'Variant'.
      Type '{ opacity: number; x: number; transition: { duration: number; staggerChildren: number; ease: string; }; }' is not assignable to type 'TargetAndTransition'.
        Type '{ opacity: number; x: number; transition: { duration: number; staggerChildren: number; ease: string; }; }' is not assignable to type '{ transition?: Transition<any> | undefined; transitionEnd?: ResolvedValues | undefined; }'.
          Types of property 'transition' are incompatible.
            Type '{ duration: number; staggerChildren: number; ease: string; }' is not assignable to type 'Transition<any> | undefined'.
              Type '{ duration: number; staggerChildren: number; ease: string; }' is not assignable to type 'TransitionWithValueOverrides<any>'.
                Type '{ duration: number; staggerChildren: number; ease: string; }' is not assignable to type 'ValueAnimationTransition<any>'.
                  Types of property 'ease' are incompatible.
                    Type 'string' is not assignable to type 'Easing | Easing[] | undefined'.
components/HomepageMentorship.tsx(165,45): error TS7006: Parameter 'feature' implicitly has an 'any' type.
components/HomepageSmartspoon.tsx(218,28): error TS7006: Parameter 'service' implicitly has an 'any' type.
components/HomepageSmartspoon.tsx(218,37): error TS7006: Parameter 'index' implicitly has an 'any' type.
components/mentorship/BookingDetailsPopup.tsx(126,31): error TS2345: Argument of type '(prev: TransactionDetails) => { booking_status: string; payment_status: string | null; id: string; event_name: string; name: string; phone: string; booking_date: string; amount: number; }' is not assignable to parameter of type 'SetStateAction<TransactionDetails>'.
  Type '(prev: TransactionDetails) => { booking_status: string; payment_status: string | null; id: string; event_name: string; name: string; phone: string; booking_date: string; amount: number; }' is not assignable to type '(prevState: TransactionDetails) => TransactionDetails'.
    Call signature return types '{ booking_status: string; payment_status: string | null; id: string; event_name: string; name: string; phone: string; booking_date: string; amount: number; }' and 'TransactionDetails' are incompatible.
      The types of 'payment_status' are incompatible between these types.
        Type 'string | null' is not assignable to type 'string'.
          Type 'null' is not assignable to type 'string'.
components/mentorship/BookingModal.tsx(98,9): error TS2322: Type 'string | null' is not assignable to type 'string'.
  Type 'null' is not assignable to type 'string'.
components/mentorship/EventsList.tsx(70,17): error TS2345: Argument of type '{ available_slots: number; approved_bookings_count: number; created_at: string; date: string; id: string; name: string; price: number; total_slots: number; updated_at: string; event_bookings: { ...; }[]; }[]' is not assignable to parameter of type 'SetStateAction<Event[]>'.
  Type '{ available_slots: number; approved_bookings_count: number; created_at: string; date: string; id: string; name: string; price: number; total_slots: number; updated_at: string; event_bookings: { ...; }[]; }[]' is not assignable to type 'Event[]'.
    Property 'description' is missing in type '{ available_slots: number; approved_bookings_count: number; created_at: string; date: string; id: string; name: string; price: number; total_slots: number; updated_at: string; event_bookings: { ...; }[]; }' but required in type 'Event'.
components/mentorship/MentorshipCards.tsx(70,21): error TS2345: Argument of type '{ created_at: string; description: string | null; duration_type: string; features: string[]; gradient: string; id: number; international_price: number | null; name: string; order_number: number; ... 5 more ...; url: string | null; }[]' is not assignable to parameter of type 'SetStateAction<Package[]>'.
  Type '{ created_at: string; description: string | null; duration_type: string; features: string[]; gradient: string; id: number; international_price: number | null; name: string; order_number: number; ... 5 more ...; url: string | null; }[]' is not assignable to type 'Package[]'.
    Type '{ created_at: string; description: string | null; duration_type: string; features: string[]; gradient: string; id: number; international_price: number | null; name: string; order_number: number; ... 5 more ...; url: string | null; }' is not assignable to type 'Package'.
      Types of property 'international_price' are incompatible.
        Type 'number | null' is not assignable to type 'number'.
          Type 'null' is not assignable to type 'number'.
components/mentorship/MentorshipCards.tsx(217,25): error TS2322: Type '{ children: Element; asChild: true; size: "lg"; className: string; }' is not assignable to type 'IntrinsicAttributes & (ButtonProps & VariantProps<(props?: (ConfigVariants<{ variant: { default: string; outline: string; secondary: string; ghost: string; destructive: string; link: string; }; size: { ...; }; }> & ClassProp) | undefined) => string>)'.
  Property 'asChild' does not exist on type 'IntrinsicAttributes & (ButtonProps & VariantProps<(props?: (ConfigVariants<{ variant: { default: string; outline: string; secondary: string; ghost: string; destructive: string; link: string; }; size: { ...; }; }> & ClassProp) | undefined) => string>)'.
components/ModernFeatures.tsx(164,7): error TS2322: Type '{ hidden: { opacity: number; y: number; scale: number; }; visible: { opacity: number; y: number; scale: number; transition: { duration: number; ease: string; }; }; }' is not assignable to type 'Variants'.
  Property 'visible' is incompatible with index signature.
    Type '{ opacity: number; y: number; scale: number; transition: { duration: number; ease: string; }; }' is not assignable to type 'Variant'.
      Type '{ opacity: number; y: number; scale: number; transition: { duration: number; ease: string; }; }' is not assignable to type 'TargetAndTransition'.
        Type '{ opacity: number; y: number; scale: number; transition: { duration: number; ease: string; }; }' is not assignable to type '{ transition?: Transition<any> | undefined; transitionEnd?: ResolvedValues | undefined; }'.
          Types of property 'transition' are incompatible.
            Type '{ duration: number; ease: string; }' is not assignable to type 'Transition<any> | undefined'.
              Type '{ duration: number; ease: string; }' is not assignable to type 'TransitionWithValueOverrides<any>'.
                Type '{ duration: number; ease: string; }' is not assignable to type 'ValueAnimationTransition<any>'.
                  Types of property 'ease' are incompatible.
                    Type 'string' is not assignable to type 'Easing | Easing[] | undefined'.
components/ModernHero.tsx(223,17): error TS2322: Type '{ enter: { opacity: number; x: number; }; visible: { opacity: number; x: number; transition: { duration: number; ease: string; staggerChildren: number; }; }; exit: { opacity: number; x: number; transition: { ...; }; }; }' is not assignable to type 'Variants'.
  Property 'visible' is incompatible with index signature.
    Type '{ opacity: number; x: number; transition: { duration: number; ease: string; staggerChildren: number; }; }' is not assignable to type 'Variant'.
      Type '{ opacity: number; x: number; transition: { duration: number; ease: string; staggerChildren: number; }; }' is not assignable to type 'TargetAndTransition'.
        Type '{ opacity: number; x: number; transition: { duration: number; ease: string; staggerChildren: number; }; }' is not assignable to type '{ transition?: Transition<any> | undefined; transitionEnd?: ResolvedValues | undefined; }'.
