components/admin/events/EventRegistrationsManager.tsx(211,42): error TS2322: Type 'Dispatch<SetStateAction<string>>' is not assignable to type '(value: string | null, eventDetails: SelectRootChangeEventDetails) => void'.
  Types of parameters 'value' and 'value' are incompatible.
    Type 'string | null' is not assignable to type 'SetStateAction<string>'.
      Type 'null' is not assignable to type 'SetStateAction<string>'.
components/admin/events/EventRegistrationsManager.tsx(213,30): error TS2322: Type '{ placeholder: string; }' is not assignable to type 'IntrinsicAttributes & SelectValueProps'.
  Property 'placeholder' does not exist on type 'IntrinsicAttributes & SelectValueProps'.
components/admin/events/EventRegistrationsManager.tsx(224,40): error TS2322: Type 'Dispatch<SetStateAction<string>>' is not assignable to type '(value: string | null, eventDetails: SelectRootChangeEventDetails) => void'.
  Types of parameters 'value' and 'value' are incompatible.
    Type 'string | null' is not assignable to type 'SetStateAction<string>'.
      Type 'null' is not assignable to type 'SetStateAction<string>'.
components/admin/events/EventRegistrationsManager.tsx(226,30): error TS2322: Type '{ placeholder: string; }' is not assignable to type 'IntrinsicAttributes & SelectValueProps'.
  Property 'placeholder' does not exist on type 'IntrinsicAttributes & SelectValueProps'.
components/admin/mentorship/EventBookingsTab.tsx(111,17): error TS2345: Argument of type 'any' is not assignable to parameter of type 'never'.
components/events/EventFilters.tsx(39,30): error TS2322: Type '{ placeholder: string; }' is not assignable to type 'IntrinsicAttributes & SelectValueProps'.
  Property 'placeholder' does not exist on type 'IntrinsicAttributes & SelectValueProps'.
components/Header.tsx(96,21): error TS2345: Argument of type 'RefObject<HTMLElement | null>' is not assignable to parameter of type 'RefObject<HTMLElement>'.
  Type 'HTMLElement | null' is not assignable to type 'HTMLElement'.
    Type 'null' is not assignable to type 'HTMLElement'.
components/navigation/DropdownMenu.tsx(42,21): error TS2345: Argument of type 'RefObject<HTMLDivElement | null>' is not assignable to parameter of type 'RefObject<HTMLElement>'.
  Type 'HTMLDivElement | null' is not assignable to type 'HTMLElement'.
    Type 'null' is not assignable to type 'HTMLElement'.
components/navigation/MegaMenu.tsx(44,21): error TS2345: Argument of type 'RefObject<HTMLDivElement | null>' is not assignable to parameter of type 'RefObject<HTMLElement>'.
  Type 'HTMLDivElement | null' is not assignable to type 'HTMLElement'.
    Type 'null' is not assignable to type 'HTMLElement'.
components/steps/Steps.tsx(299,19): error TS2322: Type '{ rest: { scale: number; y: number; boxShadow: string; }; hover: { scale: number; y: number; boxShadow: string; transition: { duration: number; ease: string; }; }; }' is not assignable to type 'Variants'.
  Property 'hover' is incompatible with index signature.
    Type '{ scale: number; y: number; boxShadow: string; transition: { duration: number; ease: string; }; }' is not assignable to type 'Variant'.
      Type '{ scale: number; y: number; boxShadow: string; transition: { duration: number; ease: string; }; }' is not assignable to type 'TargetAndTransition'.
        Type '{ scale: number; y: number; boxShadow: string; transition: { duration: number; ease: string; }; }' is not assignable to type '{ transition?: Transition<any> | undefined; transitionEnd?: ResolvedValues | undefined; }'.
          Types of property 'transition' are incompatible.
            Type '{ duration: number; ease: string; }' is not assignable to type 'Transition<any> | undefined'.
              Type '{ duration: number; ease: string; }' is not assignable to type 'TransitionWithValueOverrides<any>'.
                Type '{ duration: number; ease: string; }' is not assignable to type 'ValueAnimationTransition<any>'.
                  Types of property 'ease' are incompatible.
                    Type 'string' is not assignable to type 'Easing | Easing[] | undefined'.
components/steps/Steps.tsx(316,23): error TS2322: Type '{ rest: { rotate: number; scale: number; y: number; }; hover: { rotate: number[]; scale: number; y: number; transition: { duration: number; ease: string; rotate: { duration: number; ease: string; times: number[]; }; }; }; }' is not assignable to type 'Variants'.
  Property 'hover' is incompatible with index signature.
    Type '{ rotate: number[]; scale: number; y: number; transition: { duration: number; ease: string; rotate: { duration: number; ease: string; times: number[]; }; }; }' is not assignable to type 'Variant'.
      Type '{ rotate: number[]; scale: number; y: number; transition: { duration: number; ease: string; rotate: { duration: number; ease: string; times: number[]; }; }; }' is not assignable to type 'TargetAndTransition'.
        Type '{ rotate: number[]; scale: number; y: number; transition: { duration: number; ease: string; rotate: { duration: number; ease: string; times: number[]; }; }; }' is not assignable to type '{ transition?: Transition<any> | undefined; transitionEnd?: ResolvedValues | undefined; }'.
          Types of property 'transition' are incompatible.
            Type '{ duration: number; ease: string; rotate: { duration: number; ease: string; times: number[]; }; }' is not assignable to type 'Transition<any> | undefined'.
              Type '{ duration: number; ease: string; rotate: { duration: number; ease: string; times: number[]; }; }' is not assignable to type 'TransitionWithValueOverrides<any>'.
                Type '{ duration: number; ease: string; rotate: { duration: number; ease: string; times: number[]; }; }' is not assignable to type 'ValueAnimationTransition<any>'.
                  Types of property 'ease' are incompatible.
                    Type 'string' is not assignable to type 'Easing | Easing[] | undefined'.
components/steps/Steps.tsx(357,25): error TS2322: Type '{ hidden: { width: number; opacity: number; }; visible: { width: string; opacity: number; transition: { delay: number; duration: number; ease: string; }; }; }' is not assignable to type 'Variants'.
  Property 'visible' is incompatible with index signature.
    Type '{ width: string; opacity: number; transition: { delay: number; duration: number; ease: string; }; }' is not assignable to type 'Variant'.
      Type '{ width: string; opacity: number; transition: { delay: number; duration: number; ease: string; }; }' is not assignable to type 'TargetAndTransition'.
        Type '{ width: string; opacity: number; transition: { delay: number; duration: number; ease: string; }; }' is not assignable to type '{ transition?: Transition<any> | undefined; transitionEnd?: ResolvedValues | undefined; }'.
          Types of property 'transition' are incompatible.
            Type '{ delay: number; duration: number; ease: string; }' is not assignable to type 'Transition<any> | undefined'.
              Type '{ delay: number; duration: number; ease: string; }' is not assignable to type 'TransitionWithValueOverrides<any>'.
                Type '{ delay: number; duration: number; ease: string; }' is not assignable to type 'ValueAnimationTransition<any>'.
                  Types of property 'ease' are incompatible.
                    Type 'string' is not assignable to type 'Easing | Easing[] | undefined'.
components/ui/border-trail.tsx(40,9): error TS2322: Type '{ delay: number | undefined; isSync?: boolean | undefined; elapsed?: number | undefined; driver?: Driver | undefined; type?: AnimationGeneratorType | undefined; ... 32 more ...; onStop?: (() => void) | undefined; } | { ...; }' is not assignable to type 'Transition<any> | undefined'.
  Type '{ delay: number | undefined; repeat: number; duration: number; ease: string; }' is not assignable to type 'Transition<any> | undefined'.
    Type '{ delay: number | undefined; repeat: number; duration: number; ease: string; }' is not assignable to type 'TransitionWithValueOverrides<any>'.
      Type '{ delay: number | undefined; repeat: number; duration: number; ease: string; }' is not assignable to type 'ValueAnimationTransition<any>'.
        Types of property 'ease' are incompatible.
          Type 'string' is not assignable to type 'Easing | Easing[] | undefined'.
features-cards/app/layout.tsx(3,27): error TS2307: Cannot find module '@vercel/analytics/next' or its corresponding type declarations.
features-cards/app/page.tsx(1,29): error TS2307: Cannot find module '@/components/feature-card' or its corresponding type declarations.
features-cards/components/ui/accordion.tsx(4,37): error TS2307: Cannot find module '@radix-ui/react-accordion' or its corresponding type declarations.
features-cards/components/ui/alert-dialog.tsx(4,39): error TS2307: Cannot find module '@radix-ui/react-alert-dialog' or its corresponding type declarations.
features-cards/components/ui/aspect-ratio.tsx(3,39): error TS2307: Cannot find module '@radix-ui/react-aspect-ratio' or its corresponding type declarations.
features-cards/components/ui/avatar.tsx(4,34): error TS2307: Cannot find module '@radix-ui/react-avatar' or its corresponding type declarations.
features-cards/components/ui/calendar.tsx(9,60): error TS2307: Cannot find module 'react-day-picker' or its corresponding type declarations.
features-cards/components/ui/calendar.tsx(39,31): error TS7006: Parameter 'date' implicitly has an 'any' type.
features-cards/components/ui/calendar.tsx(128,18): error TS7031: Binding element 'className' implicitly has an 'any' type.
features-cards/components/ui/calendar.tsx(128,29): error TS7031: Binding element 'rootRef' implicitly has an 'any' type.
features-cards/components/ui/calendar.tsx(138,21): error TS7031: Binding element 'className' implicitly has an 'any' type.
features-cards/components/ui/calendar.tsx(138,32): error TS7031: Binding element 'orientation' implicitly has an 'any' type.
features-cards/components/ui/calendar.tsx(159,24): error TS7031: Binding element 'children' implicitly has an 'any' type.
features-cards/components/ui/carousel.tsx(6,8): error TS2307: Cannot find module 'embla-carousel-react' or its corresponding type declarations.
features-cards/components/ui/chart.tsx(4,36): error TS2307: Cannot find module 'recharts' or its corresponding type declarations.
features-cards/components/ui/chart.tsx(182,23): error TS7006: Parameter 'item' implicitly has an 'any' type.
features-cards/components/ui/chart.tsx(182,29): error TS7006: Parameter 'index' implicitly has an 'any' type.
